[0.140s] DEBUG:colcon:Command line arguments: ['/usr/bin/colcon', 'build']
[0.140s] DEBUG:colcon:Parsed command line arguments: Namespace(log_base=None, log_level=None, verb_name='build', build_base='build', install_base='install', merge_install=False, symlink_install=False, test_result_base=None, continue_on_error=False, executor='parallel', parallel_workers=8, event_handlers=None, ignore_user_meta=False, metas=['./colcon.meta'], base_paths=['.'], packages_ignore=None, packages_ignore_regex=None, paths=None, packages_up_to=None, packages_up_to_regex=None, packages_above=None, packages_above_and_dependencies=None, packages_above_depth=None, packages_select_by_dep=None, packages_skip_by_dep=None, packages_skip_up_to=None, packages_select_build_failed=False, packages_skip_build_finished=False, packages_select_test_failures=False, packages_skip_test_passed=False, packages_select=None, packages_skip=None, packages_select_regex=None, packages_skip_regex=None, packages_start=None, packages_end=None, allow_overriding=[], cmake_args=None, cmake_target=None, cmake_target_skip_unavailable=False, cmake_clean_cache=False, cmake_clean_first=False, cmake_force_configure=False, ament_cmake_args=None, catkin_cmake_args=None, catkin_skip_building_tests=False, mixin_files=None, mixin=None, verb_parser=<colcon_mixin.mixin.mixin_argument.MixinArgumentDecorator object at 0x731d542005e0>, verb_extension=<colcon_core.verb.build.BuildVerb object at 0x731d541c7be0>, main=<bound method BuildVerb.main of <colcon_core.verb.build.BuildVerb object at 0x731d541c7be0>>, mixin_verb=('build',))
[0.185s] Level 1:colcon.colcon_core.package_discovery:discover_packages(colcon_meta) check parameters
[0.185s] Level 1:colcon.colcon_core.package_discovery:discover_packages(recursive) check parameters
[0.185s] Level 1:colcon.colcon_core.package_discovery:discover_packages(ignore) check parameters
[0.185s] Level 1:colcon.colcon_core.package_discovery:discover_packages(path) check parameters
[0.185s] Level 1:colcon.colcon_core.package_discovery:discover_packages(colcon_meta) discover
[0.186s] Level 1:colcon.colcon_core.package_discovery:discover_packages(recursive) discover
[0.186s] INFO:colcon.colcon_core.package_discovery:Crawling recursively for packages in '/home/yvonne/intel_gesture'
[0.186s] Level 1:colcon.colcon_core.package_identification:_identify(.) by extensions ['ignore', 'ignore_ament_install']
[0.186s] Level 1:colcon.colcon_core.package_identification:_identify(.) by extension 'ignore'
[0.186s] Level 1:colcon.colcon_core.package_identification:_identify(.) by extension 'ignore_ament_install'
[0.186s] Level 1:colcon.colcon_core.package_identification:_identify(.) by extensions ['colcon_pkg']
[0.186s] Level 1:colcon.colcon_core.package_identification:_identify(.) by extension 'colcon_pkg'
[0.186s] Level 1:colcon.colcon_core.package_identification:_identify(.) by extensions ['colcon_meta']
[0.186s] Level 1:colcon.colcon_core.package_identification:_identify(.) by extension 'colcon_meta'
[0.186s] Level 1:colcon.colcon_core.package_identification:_identify(.) by extensions ['ros']
[0.186s] Level 1:colcon.colcon_core.package_identification:_identify(.) by extension 'ros'
[0.202s] Level 1:colcon.colcon_core.package_identification:_identify(.) by extensions ['cmake', 'python']
[0.202s] Level 1:colcon.colcon_core.package_identification:_identify(.) by extension 'cmake'
[0.202s] Level 1:colcon.colcon_core.package_identification:_identify(.) by extension 'python'
[0.202s] Level 1:colcon.colcon_core.package_identification:_identify(.) by extensions ['python_setup_py']
[0.202s] Level 1:colcon.colcon_core.package_identification:_identify(.) by extension 'python_setup_py'
[0.203s] Level 1:colcon.colcon_core.package_identification:_identify(build) by extensions ['ignore', 'ignore_ament_install']
[0.203s] Level 1:colcon.colcon_core.package_identification:_identify(build) by extension 'ignore'
[0.203s] Level 1:colcon.colcon_core.package_identification:_identify(build) ignored
[0.203s] Level 1:colcon.colcon_core.package_identification:_identify(install) by extensions ['ignore', 'ignore_ament_install']
[0.203s] Level 1:colcon.colcon_core.package_identification:_identify(install) by extension 'ignore'
[0.203s] Level 1:colcon.colcon_core.package_identification:_identify(install) ignored
[0.203s] Level 1:colcon.colcon_core.package_identification:_identify(log) by extensions ['ignore', 'ignore_ament_install']
[0.203s] Level 1:colcon.colcon_core.package_identification:_identify(log) by extension 'ignore'
[0.203s] Level 1:colcon.colcon_core.package_identification:_identify(log) ignored
[0.203s] Level 1:colcon.colcon_core.package_identification:_identify(src) by extensions ['ignore', 'ignore_ament_install']
[0.203s] Level 1:colcon.colcon_core.package_identification:_identify(src) by extension 'ignore'
[0.203s] Level 1:colcon.colcon_core.package_identification:_identify(src) by extension 'ignore_ament_install'
[0.203s] Level 1:colcon.colcon_core.package_identification:_identify(src) by extensions ['colcon_pkg']
[0.203s] Level 1:colcon.colcon_core.package_identification:_identify(src) by extension 'colcon_pkg'
[0.204s] Level 1:colcon.colcon_core.package_identification:_identify(src) by extensions ['colcon_meta']
[0.204s] Level 1:colcon.colcon_core.package_identification:_identify(src) by extension 'colcon_meta'
[0.204s] Level 1:colcon.colcon_core.package_identification:_identify(src) by extensions ['ros']
[0.204s] Level 1:colcon.colcon_core.package_identification:_identify(src) by extension 'ros'
[0.204s] Level 1:colcon.colcon_core.package_identification:_identify(src) by extensions ['cmake', 'python']
[0.204s] Level 1:colcon.colcon_core.package_identification:_identify(src) by extension 'cmake'
[0.204s] Level 1:colcon.colcon_core.package_identification:_identify(src) by extension 'python'
[0.204s] Level 1:colcon.colcon_core.package_identification:_identify(src) by extensions ['python_setup_py']
[0.204s] Level 1:colcon.colcon_core.package_identification:_identify(src) by extension 'python_setup_py'
[0.204s] Level 1:colcon.colcon_core.package_identification:_identify(src/gesture_control) by extensions ['ignore', 'ignore_ament_install']
[0.204s] Level 1:colcon.colcon_core.package_identification:_identify(src/gesture_control) by extension 'ignore'
[0.204s] Level 1:colcon.colcon_core.package_identification:_identify(src/gesture_control) by extension 'ignore_ament_install'
[0.204s] Level 1:colcon.colcon_core.package_identification:_identify(src/gesture_control) by extensions ['colcon_pkg']
[0.204s] Level 1:colcon.colcon_core.package_identification:_identify(src/gesture_control) by extension 'colcon_pkg'
[0.204s] Level 1:colcon.colcon_core.package_identification:_identify(src/gesture_control) by extensions ['colcon_meta']
[0.204s] Level 1:colcon.colcon_core.package_identification:_identify(src/gesture_control) by extension 'colcon_meta'
[0.204s] Level 1:colcon.colcon_core.package_identification:_identify(src/gesture_control) by extensions ['ros']
[0.204s] Level 1:colcon.colcon_core.package_identification:_identify(src/gesture_control) by extension 'ros'
[0.207s] DEBUG:colcon.colcon_core.package_identification:Package 'src/gesture_control' with type 'ros.ament_cmake' and name 'gesture_control'
[0.207s] Level 1:colcon.colcon_core.package_identification:_identify(src/intel_handgesture) by extensions ['ignore', 'ignore_ament_install']
[0.207s] Level 1:colcon.colcon_core.package_identification:_identify(src/intel_handgesture) by extension 'ignore'
[0.207s] Level 1:colcon.colcon_core.package_identification:_identify(src/intel_handgesture) by extension 'ignore_ament_install'
[0.207s] Level 1:colcon.colcon_core.package_identification:_identify(src/intel_handgesture) by extensions ['colcon_pkg']
[0.207s] Level 1:colcon.colcon_core.package_identification:_identify(src/intel_handgesture) by extension 'colcon_pkg'
[0.207s] Level 1:colcon.colcon_core.package_identification:_identify(src/intel_handgesture) by extensions ['colcon_meta']
[0.207s] Level 1:colcon.colcon_core.package_identification:_identify(src/intel_handgesture) by extension 'colcon_meta'
[0.207s] Level 1:colcon.colcon_core.package_identification:_identify(src/intel_handgesture) by extensions ['ros']
[0.207s] Level 1:colcon.colcon_core.package_identification:_identify(src/intel_handgesture) by extension 'ros'
[0.208s] DEBUG:colcon.colcon_core.package_identification:Package 'src/intel_handgesture' with type 'ros.ament_python' and name 'intel_handgesture'
[0.208s] Level 1:colcon.colcon_core.package_discovery:discover_packages(recursive) using defaults
[0.208s] Level 1:colcon.colcon_core.package_discovery:discover_packages(ignore) discover
[0.208s] Level 1:colcon.colcon_core.package_discovery:discover_packages(ignore) using defaults
[0.208s] Level 1:colcon.colcon_core.package_discovery:discover_packages(path) discover
[0.208s] Level 1:colcon.colcon_core.package_discovery:discover_packages(path) using defaults
[0.229s] Level 1:colcon.colcon_core.package_discovery:discover_packages(prefix_path) check parameters
[0.229s] Level 1:colcon.colcon_core.package_discovery:discover_packages(prefix_path) discover
[0.233s] DEBUG:colcon.colcon_installed_package_information.package_discovery:Found 383 installed packages in /opt/ros/humble
[0.234s] Level 1:colcon.colcon_core.package_discovery:discover_packages(prefix_path) using defaults
[0.290s] Level 5:colcon.colcon_core.verb:set package 'gesture_control' build argument 'cmake_args' from command line to 'None'
[0.290s] Level 5:colcon.colcon_core.verb:set package 'gesture_control' build argument 'cmake_target' from command line to 'None'
[0.290s] Level 5:colcon.colcon_core.verb:set package 'gesture_control' build argument 'cmake_target_skip_unavailable' from command line to 'False'
[0.290s] Level 5:colcon.colcon_core.verb:set package 'gesture_control' build argument 'cmake_clean_cache' from command line to 'False'
[0.290s] Level 5:colcon.colcon_core.verb:set package 'gesture_control' build argument 'cmake_clean_first' from command line to 'False'
[0.290s] Level 5:colcon.colcon_core.verb:set package 'gesture_control' build argument 'cmake_force_configure' from command line to 'False'
[0.290s] Level 5:colcon.colcon_core.verb:set package 'gesture_control' build argument 'ament_cmake_args' from command line to 'None'
[0.290s] Level 5:colcon.colcon_core.verb:set package 'gesture_control' build argument 'catkin_cmake_args' from command line to 'None'
[0.290s] Level 5:colcon.colcon_core.verb:set package 'gesture_control' build argument 'catkin_skip_building_tests' from command line to 'False'
[0.290s] DEBUG:colcon.colcon_core.verb:Building package 'gesture_control' with the following arguments: {'ament_cmake_args': None, 'build_base': '/home/yvonne/intel_gesture/build/gesture_control', 'catkin_cmake_args': None, 'catkin_skip_building_tests': False, 'cmake_args': None, 'cmake_clean_cache': False, 'cmake_clean_first': False, 'cmake_force_configure': False, 'cmake_target': None, 'cmake_target_skip_unavailable': False, 'install_base': '/home/yvonne/intel_gesture/install/gesture_control', 'merge_install': False, 'path': '/home/yvonne/intel_gesture/src/gesture_control', 'symlink_install': False, 'test_result_base': None}
[0.290s] Level 5:colcon.colcon_core.verb:set package 'intel_handgesture' build argument 'cmake_args' from command line to 'None'
[0.290s] Level 5:colcon.colcon_core.verb:set package 'intel_handgesture' build argument 'cmake_target' from command line to 'None'
[0.291s] Level 5:colcon.colcon_core.verb:set package 'intel_handgesture' build argument 'cmake_target_skip_unavailable' from command line to 'False'
[0.291s] Level 5:colcon.colcon_core.verb:set package 'intel_handgesture' build argument 'cmake_clean_cache' from command line to 'False'
[0.291s] Level 5:colcon.colcon_core.verb:set package 'intel_handgesture' build argument 'cmake_clean_first' from command line to 'False'
[0.291s] Level 5:colcon.colcon_core.verb:set package 'intel_handgesture' build argument 'cmake_force_configure' from command line to 'False'
[0.291s] Level 5:colcon.colcon_core.verb:set package 'intel_handgesture' build argument 'ament_cmake_args' from command line to 'None'
[0.291s] Level 5:colcon.colcon_core.verb:set package 'intel_handgesture' build argument 'catkin_cmake_args' from command line to 'None'
[0.291s] Level 5:colcon.colcon_core.verb:set package 'intel_handgesture' build argument 'catkin_skip_building_tests' from command line to 'False'
[0.291s] DEBUG:colcon.colcon_core.verb:Building package 'intel_handgesture' with the following arguments: {'ament_cmake_args': None, 'build_base': '/home/yvonne/intel_gesture/build/intel_handgesture', 'catkin_cmake_args': None, 'catkin_skip_building_tests': False, 'cmake_args': None, 'cmake_clean_cache': False, 'cmake_clean_first': False, 'cmake_force_configure': False, 'cmake_target': None, 'cmake_target_skip_unavailable': False, 'install_base': '/home/yvonne/intel_gesture/install/intel_handgesture', 'merge_install': False, 'path': '/home/yvonne/intel_gesture/src/intel_handgesture', 'symlink_install': False, 'test_result_base': None}
[0.291s] INFO:colcon.colcon_core.executor:Executing jobs using 'parallel' executor
[0.292s] DEBUG:colcon.colcon_parallel_executor.executor.parallel:run_until_complete
[0.292s] INFO:colcon.colcon_ros.task.ament_cmake.build:Building ROS package in '/home/yvonne/intel_gesture/src/gesture_control' with build type 'ament_cmake'
[0.292s] INFO:colcon.colcon_cmake.task.cmake.build:Building CMake package in '/home/yvonne/intel_gesture/src/gesture_control'
[0.295s] INFO:colcon.colcon_core.plugin_system:Skipping extension 'colcon_core.shell.bat': Not used on non-Windows systems
[0.295s] INFO:colcon.colcon_core.shell:Skip shell extension 'powershell' for command environment: Not usable outside of PowerShell
[0.295s] DEBUG:colcon.colcon_core.shell:Skip shell extension 'dsv' for command environment
[0.299s] INFO:colcon.colcon_ros.task.ament_python.build:Building ROS package in '/home/yvonne/intel_gesture/src/intel_handgesture' with build type 'ament_python'
[0.299s] Level 1:colcon.colcon_core.shell:create_environment_hook('intel_handgesture', 'ament_prefix_path')
[0.299s] INFO:colcon.colcon_core.shell:Creating environment hook '/home/yvonne/intel_gesture/install/intel_handgesture/share/intel_handgesture/hook/ament_prefix_path.ps1'
[0.300s] INFO:colcon.colcon_core.shell:Creating environment descriptor '/home/yvonne/intel_gesture/install/intel_handgesture/share/intel_handgesture/hook/ament_prefix_path.dsv'
[0.301s] INFO:colcon.colcon_core.shell:Creating environment hook '/home/yvonne/intel_gesture/install/intel_handgesture/share/intel_handgesture/hook/ament_prefix_path.sh'
[0.302s] INFO:colcon.colcon_core.shell:Skip shell extension 'powershell' for command environment: Not usable outside of PowerShell
[0.302s] DEBUG:colcon.colcon_core.shell:Skip shell extension 'dsv' for command environment
[0.315s] DEBUG:colcon.colcon_core.event_handler.log_command:Invoking command in '/home/yvonne/intel_gesture/build/gesture_control': CMAKE_PREFIX_PATH=${CMAKE_PREFIX_PATH}:/opt/ros/humble /usr/bin/cmake /home/yvonne/intel_gesture/src/gesture_control -DCMAKE_INSTALL_PREFIX=/home/yvonne/intel_gesture/install/gesture_control
[0.696s] INFO:colcon.colcon_core.task.python.build:Building Python package in '/home/yvonne/intel_gesture/src/intel_handgesture'
[0.696s] INFO:colcon.colcon_core.shell:Skip shell extension 'powershell' for command environment: Not usable outside of PowerShell
[0.696s] DEBUG:colcon.colcon_core.shell:Skip shell extension 'dsv' for command environment
[1.596s] DEBUG:colcon.colcon_core.event_handler.log_command:Invoking command in '/home/yvonne/intel_gesture/src/intel_handgesture': PYTHONPATH=/home/yvonne/intel_gesture/build/intel_handgesture/prefix_override:/usr/lib/python3/dist-packages/colcon_core/task/python/colcon_distutils_commands:/home/yvonne/intel_gesture/install/intel_handgesture/lib/python3.10/site-packages:${PYTHONPATH} /usr/bin/python3 -W ignore:setup.py install is deprecated setup.py egg_info --egg-base ../../build/intel_handgesture build --build-base /home/yvonne/intel_gesture/build/intel_handgesture/build install --record /home/yvonne/intel_gesture/build/intel_handgesture/install.log --single-version-externally-managed install_data
[1.899s] DEBUG:colcon.colcon_core.event_handler.log_command:Invoked command in '/home/yvonne/intel_gesture/build/gesture_control' returned '1': CMAKE_PREFIX_PATH=${CMAKE_PREFIX_PATH}:/opt/ros/humble /usr/bin/cmake /home/yvonne/intel_gesture/src/gesture_control -DCMAKE_INSTALL_PREFIX=/home/yvonne/intel_gesture/install/gesture_control
[1.915s] Level 1:colcon.colcon_core.environment:create_environment_scripts_only(gesture_control)
[1.917s] Level 1:colcon.colcon_core.environment:checking '/home/yvonne/intel_gesture/install/gesture_control' for CMake module files
[1.918s] Level 1:colcon.colcon_core.environment:checking '/home/yvonne/intel_gesture/install/gesture_control' for CMake config files
[1.918s] Level 1:colcon.colcon_core.environment:checking '/home/yvonne/intel_gesture/install/gesture_control/bin'
[1.918s] Level 1:colcon.colcon_core.environment:checking '/home/yvonne/intel_gesture/install/gesture_control/lib/pkgconfig/gesture_control.pc'
[1.918s] Level 1:colcon.colcon_core.environment:checking '/home/yvonne/intel_gesture/install/gesture_control/lib/python3.10/site-packages'
[1.919s] Level 1:colcon.colcon_core.environment:checking '/home/yvonne/intel_gesture/install/gesture_control/bin'
[1.919s] INFO:colcon.colcon_core.shell:Creating package script '/home/yvonne/intel_gesture/install/gesture_control/share/gesture_control/package.ps1'
[1.920s] INFO:colcon.colcon_core.shell:Creating package descriptor '/home/yvonne/intel_gesture/install/gesture_control/share/gesture_control/package.dsv'
[1.920s] INFO:colcon.colcon_core.shell:Creating package script '/home/yvonne/intel_gesture/install/gesture_control/share/gesture_control/package.sh'
[1.921s] INFO:colcon.colcon_core.shell:Creating package script '/home/yvonne/intel_gesture/install/gesture_control/share/gesture_control/package.bash'
[1.922s] INFO:colcon.colcon_core.shell:Creating package script '/home/yvonne/intel_gesture/install/gesture_control/share/gesture_control/package.zsh'
[1.923s] Level 1:colcon.colcon_core.environment:create_file_with_runtime_dependencies(/home/yvonne/intel_gesture/install/gesture_control/share/colcon-core/packages/gesture_control)
[2.622s] DEBUG:colcon.colcon_parallel_executor.executor.parallel:closing loop
[2.623s] DEBUG:colcon.colcon_parallel_executor.executor.parallel:loop closed
[2.623s] DEBUG:colcon.colcon_parallel_executor.executor.parallel:run_until_complete finished with '1'
[2.623s] DEBUG:colcon.colcon_core.event_reactor:joining thread
[2.633s] INFO:colcon.colcon_core.plugin_system:Skipping extension 'colcon_notification.desktop_notification.terminal_notifier': Not used on non-Darwin systems
[2.633s] INFO:colcon.colcon_core.plugin_system:Skipping extension 'colcon_notification.desktop_notification.win32': Not used on non-Windows systems
[2.633s] INFO:colcon.colcon_notification.desktop_notification:Sending desktop notification using 'notify2'
[2.648s] DEBUG:colcon.colcon_core.event_reactor:joined thread
[2.648s] INFO:colcon.colcon_core.shell:Creating prefix script '/home/yvonne/intel_gesture/install/local_setup.ps1'
[2.649s] INFO:colcon.colcon_core.shell:Creating prefix util module '/home/yvonne/intel_gesture/install/_local_setup_util_ps1.py'
[2.651s] INFO:colcon.colcon_core.shell:Creating prefix chain script '/home/yvonne/intel_gesture/install/setup.ps1'
[2.654s] INFO:colcon.colcon_core.shell:Creating prefix script '/home/yvonne/intel_gesture/install/local_setup.sh'
[2.654s] INFO:colcon.colcon_core.shell:Creating prefix util module '/home/yvonne/intel_gesture/install/_local_setup_util_sh.py'
[2.655s] INFO:colcon.colcon_core.shell:Creating prefix chain script '/home/yvonne/intel_gesture/install/setup.sh'
[2.657s] INFO:colcon.colcon_core.shell:Creating prefix script '/home/yvonne/intel_gesture/install/local_setup.bash'
[2.658s] INFO:colcon.colcon_core.shell:Creating prefix chain script '/home/yvonne/intel_gesture/install/setup.bash'
[2.659s] INFO:colcon.colcon_core.shell:Creating prefix script '/home/yvonne/intel_gesture/install/local_setup.zsh'
[2.660s] INFO:colcon.colcon_core.shell:Creating prefix chain script '/home/yvonne/intel_gesture/install/setup.zsh'
