/home/yvonne/intel_gesture/src/install/intel_handgesture/lib/python3.10/site-packages/intel_handgesture/realsense_pub.py
/home/yvonne/intel_gesture/src/install/intel_handgesture/lib/python3.10/site-packages/intel_handgesture/__init__.py
/home/yvonne/intel_gesture/src/install/intel_handgesture/lib/python3.10/site-packages/intel_handgesture/hand_gesture.py
/home/yvonne/intel_gesture/src/install/intel_handgesture/lib/python3.10/site-packages/intel_handgesture/realsense_sub.py
/home/yvonne/intel_gesture/src/install/intel_handgesture/lib/python3.10/site-packages/intel_handgesture/gripper_controller.py
/home/yvonne/intel_gesture/src/install/intel_handgesture/lib/python3.10/site-packages/intel_handgesture/utils/__init__.py
/home/yvonne/intel_gesture/src/install/intel_handgesture/lib/python3.10/site-packages/intel_handgesture/utils/cvfpscalc.py
/home/yvonne/intel_gesture/src/install/intel_handgesture/lib/python3.10/site-packages/intel_handgesture/model/__init__.py
/home/yvonne/intel_gesture/src/install/intel_handgesture/lib/python3.10/site-packages/intel_handgesture/__pycache__/realsense_pub.cpython-310.pyc
/home/yvonne/intel_gesture/src/install/intel_handgesture/lib/python3.10/site-packages/intel_handgesture/__pycache__/__init__.cpython-310.pyc
/home/yvonne/intel_gesture/src/install/intel_handgesture/lib/python3.10/site-packages/intel_handgesture/__pycache__/hand_gesture.cpython-310.pyc
/home/yvonne/intel_gesture/src/install/intel_handgesture/lib/python3.10/site-packages/intel_handgesture/__pycache__/realsense_sub.cpython-310.pyc
/home/yvonne/intel_gesture/src/install/intel_handgesture/lib/python3.10/site-packages/intel_handgesture/__pycache__/gripper_controller.cpython-310.pyc
/home/yvonne/intel_gesture/src/install/intel_handgesture/lib/python3.10/site-packages/intel_handgesture/utils/__pycache__/__init__.cpython-310.pyc
/home/yvonne/intel_gesture/src/install/intel_handgesture/lib/python3.10/site-packages/intel_handgesture/utils/__pycache__/cvfpscalc.cpython-310.pyc
/home/yvonne/intel_gesture/src/install/intel_handgesture/lib/python3.10/site-packages/intel_handgesture/model/__pycache__/__init__.cpython-310.pyc
/home/yvonne/intel_gesture/src/install/intel_handgesture/share/ament_index/resource_index/packages/intel_handgesture
/home/yvonne/intel_gesture/src/install/intel_handgesture/share/intel_handgesture/package.xml
/home/yvonne/intel_gesture/src/install/intel_handgesture/lib/python3.10/site-packages/intel_handgesture-0.0.0-py3.10.egg-info/dependency_links.txt
/home/yvonne/intel_gesture/src/install/intel_handgesture/lib/python3.10/site-packages/intel_handgesture-0.0.0-py3.10.egg-info/PKG-INFO
/home/yvonne/intel_gesture/src/install/intel_handgesture/lib/python3.10/site-packages/intel_handgesture-0.0.0-py3.10.egg-info/zip-safe
/home/yvonne/intel_gesture/src/install/intel_handgesture/lib/python3.10/site-packages/intel_handgesture-0.0.0-py3.10.egg-info/SOURCES.txt
/home/yvonne/intel_gesture/src/install/intel_handgesture/lib/python3.10/site-packages/intel_handgesture-0.0.0-py3.10.egg-info/top_level.txt
/home/yvonne/intel_gesture/src/install/intel_handgesture/lib/python3.10/site-packages/intel_handgesture-0.0.0-py3.10.egg-info/requires.txt
/home/yvonne/intel_gesture/src/install/intel_handgesture/lib/python3.10/site-packages/intel_handgesture-0.0.0-py3.10.egg-info/entry_points.txt
