[0.021s] Invoking command in '/home/yvonne/intel_gesture/build/gesture_control': CMAKE_PREFIX_PATH=${CMAKE_PREFIX_PATH}:/opt/ros/humble /usr/bin/cmake /home/yvonne/intel_gesture/src/gesture_control -DCMAKE_INSTALL_PREFIX=/home/yvonne/intel_gesture/install/gesture_control
[0.040s] -- Found ament_cmake: 1.3.10 (/opt/ros/humble/share/ament_cmake/cmake)
[0.193s] -- Found rclcpp: 16.0.10 (/opt/ros/humble/share/rclcpp/cmake)
[0.233s] -- Found rosidl_generator_c: 3.1.5 (/opt/ros/humble/share/rosidl_generator_c/cmake)
[0.236s] -- Found rosidl_adapter: 3.1.5 (/opt/ros/humble/share/rosidl_adapter/cmake)
[0.244s] -- Found rosidl_generator_cpp: 3.1.5 (/opt/ros/humble/share/rosidl_generator_cpp/cmake)
[0.256s] -- Using all available rosidl_typesupport_c: rosidl_typesupport_fastrtps_c;rosidl_typesupport_introspection_c
[0.270s] -- Using all available rosidl_typesupport_cpp: rosidl_typesupport_fastrtps_cpp;rosidl_typesupport_introspection_cpp
[0.307s] -- Found rmw_implementation_cmake: 6.1.2 (/opt/ros/humble/share/rmw_implementation_cmake/cmake)
[0.310s] -- Found rmw_fastrtps_cpp: 6.2.7 (/opt/ros/humble/share/rmw_fastrtps_cpp/cmake)
[0.443s] -- Using RMW implementation 'rmw_fastrtps_cpp' as default
[0.508s] -- Checking for module 'libfranka'
[0.511s] --   No package 'libfranka' found
[0.512s] [31mCMake Error at /usr/share/cmake-3.22/Modules/FindPkgConfig.cmake:603 (message):
[0.512s]   A required package was not found
[0.512s] Call Stack (most recent call first):
[0.512s]   /usr/share/cmake-3.22/Modules/FindPkgConfig.cmake:825 (_pkg_check_modules_internal)
[0.512s]   CMakeLists.txt:19 (pkg_check_modules)
[0.512s] 
[0.512s] [0m
[0.512s] -- Configuring incomplete, errors occurred!
[0.512s] See also "/home/yvonne/intel_gesture/build/gesture_control/CMakeFiles/CMakeOutput.log".
[0.524s] Invoked command in '/home/yvonne/intel_gesture/build/gesture_control' returned '1': CMAKE_PREFIX_PATH=${CMAKE_PREFIX_PATH}:/opt/ros/humble /usr/bin/cmake /home/yvonne/intel_gesture/src/gesture_control -DCMAKE_INSTALL_PREFIX=/home/yvonne/intel_gesture/install/gesture_control
