running egg_info
writing ../../build/intel_handgesture/intel_handgesture.egg-info/PKG-INFO
writing dependency_links to ../../build/intel_handgesture/intel_handgesture.egg-info/dependency_links.txt
writing entry points to ../../build/intel_handgesture/intel_handgesture.egg-info/entry_points.txt
writing requirements to ../../build/intel_handgesture/intel_handgesture.egg-info/requires.txt
writing top-level names to ../../build/intel_handgesture/intel_handgesture.egg-info/top_level.txt
reading manifest file '../../build/intel_handgesture/intel_handgesture.egg-info/SOURCES.txt'
writing manifest file '../../build/intel_handgesture/intel_handgesture.egg-info/SOURCES.txt'
running build
running build_py
copying intel_handgesture/hand_gesture.py -> /home/yvonne/intel_gesture/build/intel_handgesture/build/lib/intel_handgesture
copying intel_handgesture/gripper_controller.py -> /home/yvonne/intel_gesture/build/intel_handgesture/build/lib/intel_handgesture
running install
running install_lib
copying /home/yvonne/intel_gesture/build/intel_handgesture/build/lib/intel_handgesture/hand_gesture.py -> /home/yvonne/intel_gesture/install/intel_handgesture/lib/python3.10/site-packages/intel_handgesture
copying /home/yvonne/intel_gesture/build/intel_handgesture/build/lib/intel_handgesture/gripper_controller.py -> /home/yvonne/intel_gesture/install/intel_handgesture/lib/python3.10/site-packages/intel_handgesture
byte-compiling /home/yvonne/intel_gesture/install/intel_handgesture/lib/python3.10/site-packages/intel_handgesture/hand_gesture.py to hand_gesture.cpython-310.pyc
byte-compiling /home/yvonne/intel_gesture/install/intel_handgesture/lib/python3.10/site-packages/intel_handgesture/gripper_controller.py to gripper_controller.cpython-310.pyc
running install_data
running install_egg_info
removing '/home/yvonne/intel_gesture/install/intel_handgesture/lib/python3.10/site-packages/intel_handgesture-0.0.0-py3.10.egg-info' (and everything under it)
Copying ../../build/intel_handgesture/intel_handgesture.egg-info to /home/yvonne/intel_gesture/install/intel_handgesture/lib/python3.10/site-packages/intel_handgesture-0.0.0-py3.10.egg-info
running install_scripts
writing list of installed files to '/home/yvonne/intel_gesture/build/intel_handgesture/install.log'
