[0.821s] Invoking command in '/home/yvonne/intel_gesture/src/intel_handgesture': PYTHONPATH=/home/yvonne/intel_gesture/build/intel_handgesture/prefix_override:/usr/lib/python3/dist-packages/colcon_core/task/python/colcon_distutils_commands:/home/yvonne/intel_gesture/install/intel_handgesture/lib/python3.10/site-packages:${PYTHONPATH} /usr/bin/python3 -W ignore:setup.py install is deprecated setup.py egg_info --egg-base ../../build/intel_handgesture build --build-base /home/yvonne/intel_gesture/build/intel_handgesture/build install --record /home/yvonne/intel_gesture/build/intel_handgesture/install.log --single-version-externally-managed install_data
[1.133s] running egg_info
[1.133s] writing ../../build/intel_handgesture/intel_handgesture.egg-info/PKG-INFO
[1.134s] writing dependency_links to ../../build/intel_handgesture/intel_handgesture.egg-info/dependency_links.txt
[1.134s] writing entry points to ../../build/intel_handgesture/intel_handgesture.egg-info/entry_points.txt
[1.134s] writing requirements to ../../build/intel_handgesture/intel_handgesture.egg-info/requires.txt
[1.134s] writing top-level names to ../../build/intel_handgesture/intel_handgesture.egg-info/top_level.txt
[1.136s] reading manifest file '../../build/intel_handgesture/intel_handgesture.egg-info/SOURCES.txt'
[1.137s] writing manifest file '../../build/intel_handgesture/intel_handgesture.egg-info/SOURCES.txt'
[1.137s] running build
[1.137s] running build_py
[1.138s] copying intel_handgesture/hand_gesture.py -> /home/yvonne/intel_gesture/build/intel_handgesture/build/lib/intel_handgesture
[1.138s] copying intel_handgesture/gripper_controller.py -> /home/yvonne/intel_gesture/build/intel_handgesture/build/lib/intel_handgesture
[1.138s] running install
[1.139s] running install_lib
[1.140s] copying /home/yvonne/intel_gesture/build/intel_handgesture/build/lib/intel_handgesture/hand_gesture.py -> /home/yvonne/intel_gesture/install/intel_handgesture/lib/python3.10/site-packages/intel_handgesture
[1.140s] copying /home/yvonne/intel_gesture/build/intel_handgesture/build/lib/intel_handgesture/gripper_controller.py -> /home/yvonne/intel_gesture/install/intel_handgesture/lib/python3.10/site-packages/intel_handgesture
[1.141s] byte-compiling /home/yvonne/intel_gesture/install/intel_handgesture/lib/python3.10/site-packages/intel_handgesture/hand_gesture.py to hand_gesture.cpython-310.pyc
[1.146s] byte-compiling /home/yvonne/intel_gesture/install/intel_handgesture/lib/python3.10/site-packages/intel_handgesture/gripper_controller.py to gripper_controller.cpython-310.pyc
[1.147s] running install_data
[1.147s] running install_egg_info
[1.149s] removing '/home/yvonne/intel_gesture/install/intel_handgesture/lib/python3.10/site-packages/intel_handgesture-0.0.0-py3.10.egg-info' (and everything under it)
[1.149s] Copying ../../build/intel_handgesture/intel_handgesture.egg-info to /home/yvonne/intel_gesture/install/intel_handgesture/lib/python3.10/site-packages/intel_handgesture-0.0.0-py3.10.egg-info
[1.150s] running install_scripts
[1.171s] writing list of installed files to '/home/yvonne/intel_gesture/build/intel_handgesture/install.log'
[1.199s] Invoked command in '/home/yvonne/intel_gesture/src/intel_handgesture' returned '0': PYTHONPATH=/home/yvonne/intel_gesture/build/intel_handgesture/prefix_override:/usr/lib/python3/dist-packages/colcon_core/task/python/colcon_distutils_commands:/home/yvonne/intel_gesture/install/intel_handgesture/lib/python3.10/site-packages:${PYTHONPATH} /usr/bin/python3 -W ignore:setup.py install is deprecated setup.py egg_info --egg-base ../../build/intel_handgesture build --build-base /home/yvonne/intel_gesture/build/intel_handgesture/build install --record /home/yvonne/intel_gesture/build/intel_handgesture/install.log --single-version-externally-managed install_data
